{"/home/nanihutagaol/Dataku/Future/phase2/bazaar/otob_fe/otob_vue/src/components/CustomButtons/CartModify/index.vue": {"path":"/home/nanihutagaol/Dataku/Future/phase2/bazaar/otob_fe/otob_vue/src/components/CustomButtons/CartModify/index.vue","statementMap":{"0":{"start":{"line":19,"column":0},"end":{"line":null,"column":-1}},"1":{"start":{"line":32,"column":0},"end":{"line":null,"column":-1}},"2":{"start":{"line":33,"column":0},"end":{"line":42,"column":0}},"3":{"start":{"line":34,"column":0},"end":{"line":null,"column":-1}},"4":{"start":{"line":37,"column":0},"end":{"line":null,"column":-1}},"5":{"start":{"line":38,"column":0},"end":{"line":null,"column":-1}},"6":{"start":{"line":39,"column":0},"end":{"line":null,"column":-1}},"7":{"start":{"line":41,"column":0},"end":{"line":null,"column":-1}},"8":{"start":{"line":45,"column":0},"end":{"line":null,"column":-1}},"9":{"start":{"line":46,"column":0},"end":{"line":null,"column":-1}},"10":{"start":{"line":47,"column":0},"end":{"line":null,"column":-1}},"11":{"start":{"line":49,"column":0},"end":{"line":null,"column":-1}},"12":{"start":{"line":52,"column":0},"end":{"line":null,"column":-1}},"13":{"start":{"line":53,"column":0},"end":{"line":null,"column":-1}},"14":{"start":{"line":54,"column":0},"end":{"line":null,"column":-1}},"15":{"start":{"line":57,"column":0},"end":{"line":null,"column":-1}},"16":{"start":{"line":60,"column":0},"end":{"line":null,"column":-1}},"17":{"start":{"line":61,"column":0},"end":{"line":null,"column":-1}},"18":{"start":{"line":62,"column":0},"end":{"line":null,"column":-1}},"19":{"start":{"line":63,"column":0},"end":{"line":null,"column":-1}},"20":{"start":{"line":64,"column":0},"end":{"line":null,"column":-1}}},"fnMap":{"0":{"name":"(anonymous_1)","decl":{"start":{"line":31,"column":0},"end":{"line":null,"column":-1}},"loc":{"start":{"line":31,"column":0},"end":{"line":43,"column":0}}},"1":{"name":"(anonymous_2)","decl":{"start":{"line":44,"column":0},"end":{"line":null,"column":-1}},"loc":{"start":{"line":44,"column":0},"end":{"line":50,"column":0}}},"2":{"name":"(anonymous_3)","decl":{"start":{"line":51,"column":0},"end":{"line":null,"column":-1}},"loc":{"start":{"line":51,"column":0},"end":{"line":55,"column":0}}},"3":{"name":"(anonymous_4)","decl":{"start":{"line":56,"column":0},"end":{"line":null,"column":-1}},"loc":{"start":{"line":56,"column":0},"end":{"line":58,"column":0}}}},"branchMap":{"0":{"loc":{"start":{"line":33,"column":0},"end":{"line":42,"column":0}},"type":"if","locations":[{"start":{"line":33,"column":0},"end":{"line":42,"column":0}},{"start":{"line":33,"column":0},"end":{"line":42,"column":0}}]}},"s":{"0":3,"1":0,"2":0,"3":0,"4":0,"5":0,"6":0,"7":0,"8":0,"9":0,"10":0,"11":0,"12":0,"13":0,"14":0,"15":0,"16":0,"17":0,"18":0,"19":0,"20":0},"f":{"0":0,"1":0,"2":0,"3":0},"b":{"0":[0,0]}}
,"/home/nanihutagaol/Dataku/Future/phase2/bazaar/otob_fe/otob_vue/src/components/CustomButtons/ProductAdd/index.vue": {"path":"/home/nanihutagaol/Dataku/Future/phase2/bazaar/otob_fe/otob_vue/src/components/CustomButtons/ProductAdd/index.vue","statementMap":{"0":{"start":{"line":1,"column":0},"end":{"line":null,"column":-1}},"1":{"start":{"line":9,"column":0},"end":{"line":null,"column":-1}},"2":{"start":{"line":24,"column":0},"end":{"line":null,"column":-1}},"3":{"start":{"line":25,"column":0},"end":{"line":null,"column":-1}},"4":{"start":{"line":26,"column":0},"end":{"line":null,"column":-1}},"5":{"start":{"line":29,"column":0},"end":{"line":null,"column":-1}},"6":{"start":{"line":30,"column":0},"end":{"line":null,"column":-1}},"7":{"start":{"line":31,"column":0},"end":{"line":null,"column":-1}},"8":{"start":{"line":34,"column":0},"end":{"line":null,"column":-1}},"9":{"start":{"line":37,"column":0},"end":{"line":null,"column":-1}},"10":{"start":{"line":38,"column":0},"end":{"line":null,"column":-1}},"11":{"start":{"line":41,"column":0},"end":{"line":null,"column":-1}}},"fnMap":{},"branchMap":{},"s":{"0":2,"1":3,"2":1,"3":1,"4":1,"5":0,"6":0,"7":0,"8":0,"9":1,"10":1,"11":2},"f":{},"b":{}}
,"/home/nanihutagaol/Dataku/Future/phase2/bazaar/otob_fe/otob_vue/src/components/CustomButtons/ProductModify/index.vue": {"path":"/home/nanihutagaol/Dataku/Future/phase2/bazaar/otob_fe/otob_vue/src/components/CustomButtons/ProductModify/index.vue","statementMap":{"0":{"start":{"line":23,"column":0},"end":{"line":null,"column":-1}},"1":{"start":{"line":29,"column":0},"end":{"line":31,"column":0}},"2":{"start":{"line":30,"column":0},"end":{"line":null,"column":-1}},"3":{"start":{"line":32,"column":0},"end":{"line":null,"column":-1}},"4":{"start":{"line":35,"column":0},"end":{"line":null,"column":-1}},"5":{"start":{"line":36,"column":0},"end":{"line":null,"column":-1}},"6":{"start":{"line":42,"column":0},"end":{"line":null,"column":-1}},"7":{"start":{"line":49,"column":0},"end":{"line":null,"column":-1}},"8":{"start":{"line":50,"column":0},"end":{"line":null,"column":-1}},"9":{"start":{"line":52,"column":0},"end":{"line":57,"column":0}},"10":{"start":{"line":53,"column":0},"end":{"line":56,"column":0}},"11":{"start":{"line":54,"column":0},"end":{"line":null,"column":-1}},"12":{"start":{"line":55,"column":0},"end":{"line":null,"column":-1}},"13":{"start":{"line":59,"column":0},"end":{"line":null,"column":-1}},"14":{"start":{"line":62,"column":0},"end":{"line":66,"column":0}},"15":{"start":{"line":63,"column":0},"end":{"line":null,"column":-1}},"16":{"start":{"line":65,"column":0},"end":{"line":null,"column":-1}},"17":{"start":{"line":69,"column":0},"end":{"line":73,"column":0}},"18":{"start":{"line":70,"column":0},"end":{"line":null,"column":-1}},"19":{"start":{"line":72,"column":0},"end":{"line":null,"column":-1}},"20":{"start":{"line":76,"column":0},"end":{"line":null,"column":-1}},"21":{"start":{"line":77,"column":0},"end":{"line":null,"column":-1}},"22":{"start":{"line":80,"column":0},"end":{"line":null,"column":-1}},"23":{"start":{"line":81,"column":0},"end":{"line":null,"column":-1}}},"fnMap":{"0":{"name":"(anonymous_1)","decl":{"start":{"line":34,"column":0},"end":{"line":null,"column":-1}},"loc":{"start":{"line":34,"column":0},"end":{"line":47,"column":0}}},"1":{"name":"(anonymous_2)","decl":{"start":{"line":52,"column":0},"end":{"line":null,"column":-1}},"loc":{"start":{"line":52,"column":0},"end":{"line":57,"column":0}}},"2":{"name":"(anonymous_3)","decl":{"start":{"line":61,"column":0},"end":{"line":null,"column":-1}},"loc":{"start":{"line":61,"column":0},"end":{"line":67,"column":0}}},"3":{"name":"(anonymous_4)","decl":{"start":{"line":68,"column":0},"end":{"line":null,"column":-1}},"loc":{"start":{"line":68,"column":0},"end":{"line":74,"column":0}}},"4":{"name":"(anonymous_5)","decl":{"start":{"line":75,"column":0},"end":{"line":null,"column":-1}},"loc":{"start":{"line":75,"column":0},"end":{"line":78,"column":0}}},"5":{"name":"(anonymous_6)","decl":{"start":{"line":79,"column":0},"end":{"line":null,"column":-1}},"loc":{"start":{"line":79,"column":0},"end":{"line":82,"column":0}}}},"branchMap":{"0":{"loc":{"start":{"line":29,"column":0},"end":{"line":31,"column":0}},"type":"if","locations":[{"start":{"line":29,"column":0},"end":{"line":31,"column":0}},{"start":{"line":29,"column":0},"end":{"line":31,"column":0}}]},"1":{"loc":{"start":{"line":53,"column":0},"end":{"line":56,"column":0}},"type":"if","locations":[{"start":{"line":53,"column":0},"end":{"line":56,"column":0}},{"start":{"line":53,"column":0},"end":{"line":56,"column":0}}]},"2":{"loc":{"start":{"line":62,"column":0},"end":{"line":66,"column":0}},"type":"if","locations":[{"start":{"line":62,"column":0},"end":{"line":66,"column":0}},{"start":{"line":62,"column":0},"end":{"line":66,"column":0}}]},"3":{"loc":{"start":{"line":69,"column":0},"end":{"line":73,"column":0}},"type":"if","locations":[{"start":{"line":69,"column":0},"end":{"line":73,"column":0}},{"start":{"line":69,"column":0},"end":{"line":73,"column":0}}]}},"s":{"0":2,"1":0,"2":0,"3":0,"4":0,"5":0,"6":0,"7":0,"8":0,"9":0,"10":0,"11":0,"12":0,"13":0,"14":2,"15":2,"16":0,"17":0,"18":0,"19":0,"20":0,"21":0,"22":0,"23":0},"f":{"0":0,"1":0,"2":2,"3":0,"4":0,"5":0},"b":{"0":[0,0],"1":[0,0],"2":[2,0],"3":[0,0]}}
,"/home/nanihutagaol/Dataku/Future/phase2/bazaar/otob_fe/otob_vue/src/components/CustomComponents/CustomAlert.vue": {"path":"/home/nanihutagaol/Dataku/Future/phase2/bazaar/otob_fe/otob_vue/src/components/CustomComponents/CustomAlert.vue","statementMap":{"0":{"start":{"line":21,"column":0},"end":{"line":null,"column":-1}},"1":{"start":{"line":29,"column":0},"end":{"line":null,"column":-1}},"2":{"start":{"line":32,"column":0},"end":{"line":null,"column":-1}},"3":{"start":{"line":33,"column":0},"end":{"line":null,"column":-1}}},"fnMap":{},"branchMap":{},"s":{"0":6,"1":0,"2":1,"3":1},"f":{},"b":{}}
,"/home/nanihutagaol/Dataku/Future/phase2/bazaar/otob_fe/otob_vue/src/components/CustomComponents/CustomPagination.vue": {"path":"/home/nanihutagaol/Dataku/Future/phase2/bazaar/otob_fe/otob_vue/src/components/CustomComponents/CustomPagination.vue","statementMap":{"0":{"start":{"line":30,"column":0},"end":{"line":null,"column":-1}},"1":{"start":{"line":41,"column":0},"end":{"line":null,"column":-1}},"2":{"start":{"line":42,"column":0},"end":{"line":44,"column":0}},"3":{"start":{"line":43,"column":0},"end":{"line":null,"column":-1}},"4":{"start":{"line":45,"column":0},"end":{"line":null,"column":-1}},"5":{"start":{"line":49,"column":0},"end":{"line":null,"column":-1}},"6":{"start":{"line":50,"column":0},"end":{"line":null,"column":-1}},"7":{"start":{"line":53,"column":0},"end":{"line":57,"column":0}},"8":{"start":{"line":54,"column":0},"end":{"line":null,"column":-1}},"9":{"start":{"line":56,"column":0},"end":{"line":null,"column":-1}}},"fnMap":{},"branchMap":{"0":{"loc":{"start":{"line":42,"column":0},"end":{"line":44,"column":0}},"type":"if","locations":[{"start":{"line":42,"column":0},"end":{"line":44,"column":0}},{"start":{"line":42,"column":0},"end":{"line":44,"column":0}}]},"1":{"loc":{"start":{"line":53,"column":0},"end":{"line":57,"column":0}},"type":"if","locations":[{"start":{"line":53,"column":0},"end":{"line":57,"column":0}},{"start":{"line":53,"column":0},"end":{"line":57,"column":0}}]}},"s":{"0":4,"1":2,"2":2,"3":1,"4":2,"5":2,"6":2,"7":4,"8":3,"9":1},"f":{},"b":{"0":[1,1],"1":[3,1]}}
,"/home/nanihutagaol/Dataku/Future/phase2/bazaar/otob_fe/otob_vue/src/components/ListTableProductAdmin/index.vue": {"path":"/home/nanihutagaol/Dataku/Future/phase2/bazaar/otob_fe/otob_vue/src/components/ListTableProductAdmin/index.vue","statementMap":{"0":{"start":{"line":1,"column":0},"end":{"line":null,"column":-1}},"1":{"start":{"line":2,"column":0},"end":{"line":null,"column":-1}},"2":{"start":{"line":14,"column":0},"end":{"line":null,"column":-1}},"3":{"start":{"line":31,"column":0},"end":{"line":null,"column":-1}},"4":{"start":{"line":34,"column":0},"end":{"line":null,"column":-1}},"5":{"start":{"line":40,"column":0},"end":{"line":null,"column":-1}},"6":{"start":{"line":41,"column":0},"end":{"line":null,"column":-1}},"7":{"start":{"line":42,"column":0},"end":{"line":null,"column":-1}},"8":{"start":{"line":45,"column":0},"end":{"line":null,"column":-1}},"9":{"start":{"line":46,"column":0},"end":{"line":null,"column":-1}},"10":{"start":{"line":49,"column":0},"end":{"line":null,"column":-1}},"11":{"start":{"line":50,"column":0},"end":{"line":null,"column":-1}},"12":{"start":{"line":51,"column":0},"end":{"line":null,"column":-1}},"13":{"start":{"line":54,"column":0},"end":{"line":null,"column":-1}},"14":{"start":{"line":57,"column":0},"end":{"line":null,"column":-1}},"15":{"start":{"line":60,"column":0},"end":{"line":null,"column":-1}}},"fnMap":{},"branchMap":{},"s":{"0":3,"1":3,"2":6,"3":2,"4":1,"5":1,"6":1,"7":1,"8":1,"9":1,"10":1,"11":1,"12":1,"13":1,"14":1,"15":1},"f":{},"b":{}}
,"/home/nanihutagaol/Dataku/Future/phase2/bazaar/otob_fe/otob_vue/src/components/ListTableProductCustomer/index.vue": {"path":"/home/nanihutagaol/Dataku/Future/phase2/bazaar/otob_fe/otob_vue/src/components/ListTableProductCustomer/index.vue","statementMap":{"0":{"start":{"line":1,"column":0},"end":{"line":null,"column":-1}},"1":{"start":{"line":12,"column":0},"end":{"line":null,"column":-1}},"2":{"start":{"line":28,"column":0},"end":{"line":30,"column":0}},"3":{"start":{"line":29,"column":0},"end":{"line":null,"column":-1}},"4":{"start":{"line":31,"column":0},"end":{"line":null,"column":-1}}},"fnMap":{},"branchMap":{"0":{"loc":{"start":{"line":28,"column":0},"end":{"line":30,"column":0}},"type":"if","locations":[{"start":{"line":28,"column":0},"end":{"line":30,"column":0}},{"start":{"line":28,"column":0},"end":{"line":30,"column":0}}]}},"s":{"0":3,"1":2,"2":2,"3":1,"4":1},"f":{},"b":{"0":[1,1]}}
,"/home/nanihutagaol/Dataku/Future/phase2/bazaar/otob_fe/otob_vue/src/components/SearchOrder/index.vue": {"path":"/home/nanihutagaol/Dataku/Future/phase2/bazaar/otob_fe/otob_vue/src/components/SearchOrder/index.vue","statementMap":{"0":{"start":{"line":1,"column":0},"end":{"line":null,"column":-1}},"1":{"start":{"line":6,"column":0},"end":{"line":null,"column":-1}},"2":{"start":{"line":14,"column":0},"end":{"line":null,"column":-1}},"3":{"start":{"line":17,"column":0},"end":{"line":null,"column":-1}},"4":{"start":{"line":21,"column":0},"end":{"line":null,"column":-1}},"5":{"start":{"line":26,"column":0},"end":{"line":null,"column":-1}},"6":{"start":{"line":29,"column":0},"end":{"line":null,"column":-1}}},"fnMap":{},"branchMap":{},"s":{"0":2,"1":6,"2":1,"3":1,"4":1,"5":1,"6":1},"f":{},"b":{}}
,"/home/nanihutagaol/Dataku/Future/phase2/bazaar/otob_fe/otob_vue/src/components/SearchProduct/index.vue": {"path":"/home/nanihutagaol/Dataku/Future/phase2/bazaar/otob_fe/otob_vue/src/components/SearchProduct/index.vue","statementMap":{"0":{"start":{"line":16,"column":0},"end":{"line":null,"column":-1}},"1":{"start":{"line":22,"column":0},"end":{"line":null,"column":-1}},"2":{"start":{"line":27,"column":0},"end":{"line":null,"column":-1}}},"fnMap":{"0":{"name":"(anonymous_1)","decl":{"start":{"line":21,"column":0},"end":{"line":null,"column":-1}},"loc":{"start":{"line":21,"column":0},"end":{"line":23,"column":0}}}},"branchMap":{},"s":{"0":3,"1":1,"2":1},"f":{"0":1},"b":{}}
,"/home/nanihutagaol/Dataku/Future/phase2/bazaar/otob_fe/otob_vue/src/components/TableCart/index.vue": {"path":"/home/nanihutagaol/Dataku/Future/phase2/bazaar/otob_fe/otob_vue/src/components/TableCart/index.vue","statementMap":{"0":{"start":{"line":1,"column":0},"end":{"line":null,"column":-1}},"1":{"start":{"line":2,"column":0},"end":{"line":null,"column":-1}},"2":{"start":{"line":11,"column":0},"end":{"line":null,"column":-1}},"3":{"start":{"line":16,"column":0},"end":{"line":null,"column":-1}},"4":{"start":{"line":20,"column":0},"end":{"line":null,"column":-1}},"5":{"start":{"line":21,"column":0},"end":{"line":null,"column":-1}},"6":{"start":{"line":24,"column":0},"end":{"line":null,"column":-1}},"7":{"start":{"line":27,"column":0},"end":{"line":null,"column":-1}},"8":{"start":{"line":28,"column":0},"end":{"line":30,"column":0}},"9":{"start":{"line":29,"column":0},"end":{"line":null,"column":-1}},"10":{"start":{"line":31,"column":0},"end":{"line":null,"column":-1}},"11":{"start":{"line":34,"column":0},"end":{"line":null,"column":-1}},"12":{"start":{"line":39,"column":0},"end":{"line":null,"column":-1}},"13":{"start":{"line":42,"column":0},"end":{"line":null,"column":-1}},"14":{"start":{"line":45,"column":0},"end":{"line":null,"column":-1}},"15":{"start":{"line":46,"column":0},"end":{"line":null,"column":-1}},"16":{"start":{"line":47,"column":0},"end":{"line":null,"column":-1}}},"fnMap":{"0":{"name":"(anonymous_1)","decl":{"start":{"line":28,"column":0},"end":{"line":null,"column":-1}},"loc":{"start":{"line":28,"column":0},"end":{"line":30,"column":0}}},"1":{"name":"(anonymous_2)","decl":{"start":{"line":41,"column":0},"end":{"line":null,"column":-1}},"loc":{"start":{"line":41,"column":0},"end":{"line":43,"column":0}}}},"branchMap":{},"s":{"0":2,"1":2,"2":3,"3":3,"4":0,"5":0,"6":3,"7":3,"8":3,"9":3,"10":3,"11":0,"12":4,"13":1,"14":1,"15":1,"16":1},"f":{"0":3,"1":1},"b":{}}
,"/home/nanihutagaol/Dataku/Future/phase2/bazaar/otob_fe/otob_vue/src/components/TableProduct/index.vue": {"path":"/home/nanihutagaol/Dataku/Future/phase2/bazaar/otob_fe/otob_vue/src/components/TableProduct/index.vue","statementMap":{"0":{"start":{"line":1,"column":0},"end":{"line":null,"column":-1}},"1":{"start":{"line":2,"column":0},"end":{"line":null,"column":-1}},"2":{"start":{"line":3,"column":0},"end":{"line":null,"column":-1}}},"fnMap":{},"branchMap":{},"s":{"0":2,"1":2,"2":2},"f":{},"b":{}}
,"/home/nanihutagaol/Dataku/Future/phase2/bazaar/otob_fe/otob_vue/src/pages/CustomPages/RegisterPage.vue": {"path":"/home/nanihutagaol/Dataku/Future/phase2/bazaar/otob_fe/otob_vue/src/pages/CustomPages/RegisterPage.vue","statementMap":{"0":{"start":{"line":25,"column":0},"end":{"line":null,"column":-1}},"1":{"start":{"line":30,"column":0},"end":{"line":null,"column":-1}},"2":{"start":{"line":41,"column":0},"end":{"line":null,"column":-1}}},"fnMap":{},"branchMap":{},"s":{"0":1,"1":1,"2":1},"f":{},"b":{}}
,"/home/nanihutagaol/Dataku/Future/phase2/bazaar/otob_fe/otob_vue/src/pages/Order/Orders.vue": {"path":"/home/nanihutagaol/Dataku/Future/phase2/bazaar/otob_fe/otob_vue/src/pages/Order/Orders.vue","statementMap":{"0":{"start":{"line":1,"column":0},"end":{"line":null,"column":-1}},"1":{"start":{"line":2,"column":0},"end":{"line":null,"column":-1}},"2":{"start":{"line":10,"column":0},"end":{"line":null,"column":-1}},"3":{"start":{"line":20,"column":0},"end":{"line":null,"column":-1}},"4":{"start":{"line":23,"column":0},"end":{"line":null,"column":-1}},"5":{"start":{"line":26,"column":0},"end":{"line":null,"column":-1}},"6":{"start":{"line":29,"column":0},"end":{"line":null,"column":-1}},"7":{"start":{"line":30,"column":0},"end":{"line":null,"column":-1}},"8":{"start":{"line":31,"column":0},"end":{"line":null,"column":-1}},"9":{"start":{"line":36,"column":0},"end":{"line":null,"column":-1}},"10":{"start":{"line":37,"column":0},"end":{"line":null,"column":-1}},"11":{"start":{"line":41,"column":0},"end":{"line":null,"column":-1}}},"fnMap":{"0":{"name":"(anonymous_1)","decl":{"start":{"line":40,"column":0},"end":{"line":null,"column":-1}},"loc":{"start":{"line":40,"column":0},"end":{"line":42,"column":0}}}},"branchMap":{},"s":{"0":1,"1":1,"2":3,"3":3,"4":0,"5":1,"6":1,"7":1,"8":1,"9":3,"10":3,"11":3},"f":{"0":3},"b":{}}
,"/home/nanihutagaol/Dataku/Future/phase2/bazaar/otob_fe/otob_vue/src/pages/Product/index.vue": {"path":"/home/nanihutagaol/Dataku/Future/phase2/bazaar/otob_fe/otob_vue/src/pages/Product/index.vue","statementMap":{"0":{"start":{"line":1,"column":0},"end":{"line":null,"column":-1}},"1":{"start":{"line":2,"column":0},"end":{"line":null,"column":-1}},"2":{"start":{"line":3,"column":0},"end":{"line":null,"column":-1}},"3":{"start":{"line":4,"column":0},"end":{"line":null,"column":-1}},"4":{"start":{"line":5,"column":0},"end":{"line":null,"column":-1}},"5":{"start":{"line":25,"column":0},"end":{"line":null,"column":-1}},"6":{"start":{"line":30,"column":0},"end":{"line":null,"column":-1}},"7":{"start":{"line":31,"column":0},"end":{"line":null,"column":-1}},"8":{"start":{"line":35,"column":0},"end":{"line":null,"column":-1}},"9":{"start":{"line":38,"column":0},"end":{"line":null,"column":-1}},"10":{"start":{"line":41,"column":0},"end":{"line":null,"column":-1}},"11":{"start":{"line":46,"column":0},"end":{"line":null,"column":-1}},"12":{"start":{"line":47,"column":0},"end":{"line":49,"column":0}},"13":{"start":{"line":48,"column":0},"end":{"line":null,"column":-1}}},"fnMap":{"0":{"name":"(anonymous_1)","decl":{"start":{"line":34,"column":0},"end":{"line":null,"column":-1}},"loc":{"start":{"line":34,"column":0},"end":{"line":36,"column":0}}}},"branchMap":{"0":{"loc":{"start":{"line":47,"column":0},"end":{"line":49,"column":0}},"type":"if","locations":[{"start":{"line":47,"column":0},"end":{"line":49,"column":0}},{"start":{"line":47,"column":0},"end":{"line":49,"column":0}}]}},"s":{"0":1,"1":1,"2":1,"3":1,"4":1,"5":1,"6":1,"7":1,"8":1,"9":0,"10":1,"11":2,"12":2,"13":0},"f":{"0":1},"b":{"0":[0,2]}}
,"/home/nanihutagaol/Dataku/Future/phase2/bazaar/otob_fe/otob_vue/src/pages/User/User.vue": {"path":"/home/nanihutagaol/Dataku/Future/phase2/bazaar/otob_fe/otob_vue/src/pages/User/User.vue","statementMap":{"0":{"start":{"line":1,"column":0},"end":{"line":null,"column":-1}},"1":{"start":{"line":9,"column":0},"end":{"line":null,"column":-1}},"2":{"start":{"line":27,"column":0},"end":{"line":29,"column":0}},"3":{"start":{"line":28,"column":0},"end":{"line":null,"column":-1}},"4":{"start":{"line":30,"column":0},"end":{"line":32,"column":0}},"5":{"start":{"line":31,"column":0},"end":{"line":null,"column":-1}},"6":{"start":{"line":33,"column":0},"end":{"line":null,"column":-1}},"7":{"start":{"line":37,"column":0},"end":{"line":null,"column":-1}},"8":{"start":{"line":45,"column":0},"end":{"line":null,"column":-1}},"9":{"start":{"line":48,"column":0},"end":{"line":54,"column":0}},"10":{"start":{"line":49,"column":0},"end":{"line":null,"column":-1}},"11":{"start":{"line":50,"column":0},"end":{"line":54,"column":0}},"12":{"start":{"line":51,"column":0},"end":{"line":null,"column":-1}},"13":{"start":{"line":52,"column":0},"end":{"line":54,"column":0}},"14":{"start":{"line":53,"column":0},"end":{"line":null,"column":-1}},"15":{"start":{"line":55,"column":0},"end":{"line":null,"column":-1}},"16":{"start":{"line":58,"column":0},"end":{"line":null,"column":-1}},"17":{"start":{"line":59,"column":0},"end":{"line":null,"column":-1}}},"fnMap":{"0":{"name":"(anonymous_1)","decl":{"start":{"line":36,"column":0},"end":{"line":null,"column":-1}},"loc":{"start":{"line":36,"column":0},"end":{"line":38,"column":0}}},"1":{"name":"(anonymous_2)","decl":{"start":{"line":44,"column":0},"end":{"line":null,"column":-1}},"loc":{"start":{"line":44,"column":0},"end":{"line":46,"column":0}}},"2":{"name":"(anonymous_3)","decl":{"start":{"line":47,"column":0},"end":{"line":null,"column":-1}},"loc":{"start":{"line":47,"column":0},"end":{"line":56,"column":0}}}},"branchMap":{"0":{"loc":{"start":{"line":27,"column":0},"end":{"line":29,"column":0}},"type":"if","locations":[{"start":{"line":27,"column":0},"end":{"line":29,"column":0}},{"start":{"line":27,"column":0},"end":{"line":29,"column":0}}]},"1":{"loc":{"start":{"line":30,"column":0},"end":{"line":32,"column":0}},"type":"if","locations":[{"start":{"line":30,"column":0},"end":{"line":32,"column":0}},{"start":{"line":30,"column":0},"end":{"line":32,"column":0}}]},"2":{"loc":{"start":{"line":48,"column":0},"end":{"line":54,"column":0}},"type":"if","locations":[{"start":{"line":48,"column":0},"end":{"line":54,"column":0}},{"start":{"line":48,"column":0},"end":{"line":54,"column":0}}]},"3":{"loc":{"start":{"line":50,"column":0},"end":{"line":54,"column":0}},"type":"if","locations":[{"start":{"line":50,"column":0},"end":{"line":54,"column":0}},{"start":{"line":50,"column":0},"end":{"line":54,"column":0}}]},"4":{"loc":{"start":{"line":52,"column":0},"end":{"line":54,"column":0}},"type":"if","locations":[{"start":{"line":52,"column":0},"end":{"line":54,"column":0}},{"start":{"line":52,"column":0},"end":{"line":54,"column":0}}]}},"s":{"0":1,"1":6,"2":6,"3":0,"4":6,"5":0,"6":6,"7":6,"8":1,"9":4,"10":1,"11":3,"12":1,"13":2,"14":1,"15":4,"16":1,"17":1},"f":{"0":6,"1":1,"2":4},"b":{"0":[0,6],"1":[0,6],"2":[1,3],"3":[1,2],"4":[1,1]}}
}
