TN:
SF:/home/nanihutagaol/Dataku/Future/phase2/bazaar/otob_fe/otob_vue/src/components/CustomButtons/CartModify/index.vue
FN:31,(anonymous_1)
FN:44,(anonymous_2)
FN:51,(anonymous_3)
FN:56,(anonymous_4)
FNF:4
FNH:0
FNDA:0,(anonymous_1)
FNDA:0,(anonymous_2)
FNDA:0,(anonymous_3)
FNDA:0,(anonymous_4)
DA:19,3
DA:32,0
DA:33,0
DA:34,0
DA:37,0
DA:38,0
DA:39,0
DA:41,0
DA:45,0
DA:46,0
DA:47,0
DA:49,0
DA:52,0
DA:53,0
DA:54,0
DA:57,0
DA:60,0
DA:61,0
DA:62,0
DA:63,0
DA:64,0
LF:21
LH:1
BRDA:33,0,0,0
BRDA:33,0,1,0
BRF:2
BRH:0
end_of_record
TN:
SF:/home/nanihutagaol/Dataku/Future/phase2/bazaar/otob_fe/otob_vue/src/components/CustomButtons/ProductAdd/index.vue
FNF:0
FNH:0
DA:1,2
DA:9,3
DA:24,1
DA:25,1
DA:26,1
DA:29,0
DA:30,0
DA:31,0
DA:34,0
DA:37,1
DA:38,1
DA:41,2
LF:12
LH:8
BRF:0
BRH:0
end_of_record
TN:
SF:/home/nanihutagaol/Dataku/Future/phase2/bazaar/otob_fe/otob_vue/src/components/CustomButtons/ProductModify/index.vue
FN:34,(anonymous_1)
FN:52,(anonymous_2)
FN:61,(anonymous_3)
FN:68,(anonymous_4)
FN:75,(anonymous_5)
FN:79,(anonymous_6)
FNF:6
FNH:1
FNDA:0,(anonymous_1)
FNDA:0,(anonymous_2)
FNDA:2,(anonymous_3)
FNDA:0,(anonymous_4)
FNDA:0,(anonymous_5)
FNDA:0,(anonymous_6)
DA:23,2
DA:29,0
DA:30,0
DA:32,0
DA:35,0
DA:36,0
DA:42,0
DA:49,0
DA:50,0
DA:52,0
DA:53,0
DA:54,0
DA:55,0
DA:59,0
DA:62,2
DA:63,2
DA:65,0
DA:69,0
DA:70,0
DA:72,0
DA:76,0
DA:77,0
DA:80,0
DA:81,0
LF:24
LH:3
BRDA:29,0,0,0
BRDA:29,0,1,0
BRDA:53,1,0,0
BRDA:53,1,1,0
BRDA:62,2,0,2
BRDA:62,2,1,0
BRDA:69,3,0,0
BRDA:69,3,1,0
BRF:8
BRH:1
end_of_record
TN:
SF:/home/nanihutagaol/Dataku/Future/phase2/bazaar/otob_fe/otob_vue/src/components/CustomComponents/CustomAlert.vue
FNF:0
FNH:0
DA:21,6
DA:29,0
DA:32,1
DA:33,1
LF:4
LH:3
BRF:0
BRH:0
end_of_record
TN:
SF:/home/nanihutagaol/Dataku/Future/phase2/bazaar/otob_fe/otob_vue/src/components/CustomComponents/CustomPagination.vue
FNF:0
FNH:0
DA:30,4
DA:41,2
DA:42,2
DA:43,1
DA:45,2
DA:49,2
DA:50,2
DA:53,4
DA:54,3
DA:56,1
LF:10
LH:10
BRDA:42,0,0,1
BRDA:42,0,1,1
BRDA:53,1,0,3
BRDA:53,1,1,1
BRF:4
BRH:4
end_of_record
TN:
SF:/home/nanihutagaol/Dataku/Future/phase2/bazaar/otob_fe/otob_vue/src/components/ListTableProductAdmin/index.vue
FNF:0
FNH:0
DA:1,3
DA:2,3
DA:14,6
DA:31,2
DA:34,1
DA:40,1
DA:41,1
DA:42,1
DA:45,1
DA:46,1
DA:49,1
DA:50,1
DA:51,1
DA:54,1
DA:57,1
DA:60,1
LF:16
LH:16
BRF:0
BRH:0
end_of_record
TN:
SF:/home/nanihutagaol/Dataku/Future/phase2/bazaar/otob_fe/otob_vue/src/components/ListTableProductCustomer/index.vue
FNF:0
FNH:0
DA:1,3
DA:12,2
DA:28,2
DA:29,1
DA:31,1
LF:5
LH:5
BRDA:28,0,0,1
BRDA:28,0,1,1
BRF:2
BRH:2
end_of_record
TN:
SF:/home/nanihutagaol/Dataku/Future/phase2/bazaar/otob_fe/otob_vue/src/components/SearchOrder/index.vue
FNF:0
FNH:0
DA:1,2
DA:6,6
DA:14,1
DA:17,1
DA:21,1
DA:26,1
DA:29,1
LF:7
LH:7
BRF:0
BRH:0
end_of_record
TN:
SF:/home/nanihutagaol/Dataku/Future/phase2/bazaar/otob_fe/otob_vue/src/components/SearchProduct/index.vue
FN:21,(anonymous_1)
FNF:1
FNH:1
FNDA:1,(anonymous_1)
DA:16,3
DA:22,1
DA:27,1
LF:3
LH:3
BRF:0
BRH:0
end_of_record
TN:
SF:/home/nanihutagaol/Dataku/Future/phase2/bazaar/otob_fe/otob_vue/src/components/TableCart/index.vue
FN:28,(anonymous_1)
FN:41,(anonymous_2)
FNF:2
FNH:2
FNDA:3,(anonymous_1)
FNDA:1,(anonymous_2)
DA:1,2
DA:2,2
DA:11,3
DA:16,3
DA:20,0
DA:21,0
DA:24,3
DA:27,3
DA:28,3
DA:29,3
DA:31,3
DA:34,0
DA:39,4
DA:42,1
DA:45,1
DA:46,1
DA:47,1
LF:17
LH:14
BRF:0
BRH:0
end_of_record
TN:
SF:/home/nanihutagaol/Dataku/Future/phase2/bazaar/otob_fe/otob_vue/src/components/TableProduct/index.vue
FNF:0
FNH:0
DA:1,2
DA:2,2
DA:3,2
LF:3
LH:3
BRF:0
BRH:0
end_of_record
TN:
SF:/home/nanihutagaol/Dataku/Future/phase2/bazaar/otob_fe/otob_vue/src/pages/CustomPages/RegisterPage.vue
FNF:0
FNH:0
DA:25,1
DA:30,1
DA:41,1
LF:3
LH:3
BRF:0
BRH:0
end_of_record
TN:
SF:/home/nanihutagaol/Dataku/Future/phase2/bazaar/otob_fe/otob_vue/src/pages/Order/Orders.vue
FN:40,(anonymous_1)
FNF:1
FNH:1
FNDA:3,(anonymous_1)
DA:1,1
DA:2,1
DA:10,3
DA:20,3
DA:23,0
DA:26,1
DA:29,1
DA:30,1
DA:31,1
DA:36,3
DA:37,3
DA:41,3
LF:12
LH:11
BRF:0
BRH:0
end_of_record
TN:
SF:/home/nanihutagaol/Dataku/Future/phase2/bazaar/otob_fe/otob_vue/src/pages/Product/index.vue
FN:34,(anonymous_1)
FNF:1
FNH:1
FNDA:1,(anonymous_1)
DA:1,1
DA:2,1
DA:3,1
DA:4,1
DA:5,1
DA:25,1
DA:30,1
DA:31,1
DA:35,1
DA:38,0
DA:41,1
DA:46,2
DA:47,2
DA:48,0
LF:14
LH:12
BRDA:47,0,0,0
BRDA:47,0,1,2
BRF:2
BRH:1
end_of_record
TN:
SF:/home/nanihutagaol/Dataku/Future/phase2/bazaar/otob_fe/otob_vue/src/pages/User/User.vue
FN:36,(anonymous_1)
FN:44,(anonymous_2)
FN:47,(anonymous_3)
FNF:3
FNH:3
FNDA:6,(anonymous_1)
FNDA:1,(anonymous_2)
FNDA:4,(anonymous_3)
DA:1,1
DA:9,6
DA:27,6
DA:28,0
DA:30,6
DA:31,0
DA:33,6
DA:37,6
DA:45,1
DA:48,4
DA:49,1
DA:50,3
DA:51,1
DA:52,2
DA:53,1
DA:55,4
DA:58,1
DA:59,1
LF:18
LH:16
BRDA:27,0,0,0
BRDA:27,0,1,6
BRDA:30,1,0,0
BRDA:30,1,1,6
BRDA:48,2,0,1
BRDA:48,2,1,3
BRDA:50,3,0,1
BRDA:50,3,1,2
BRDA:52,4,0,1
BRDA:52,4,1,1
BRF:10
BRH:8
end_of_record
